<?xml version="1.0" encoding="UTF-8"?>
<testng-results skipped="0" failed="0" total="1" passed="1">
  <reporter-output>
  </reporter-output>
  <suite name="Random Test" duration-ms="19" started-at="2015-02-21T20:10:34Z" finished-at="2015-02-21T20:10:34Z">
    <groups>
    </groups>
    <test name="Random Test " duration-ms="19" started-at="2015-02-21T20:10:34Z" finished-at="2015-02-21T20:10:34Z">
      <class name="com.maven.datadriven.framework.RandomTest">
        <test-method status="PASS" signature="testApp()" name="testApp" duration-ms="9" started-at="2015-02-21T20:10:34Z" finished-at="2015-02-21T20:10:34Z">
        </test-method>
      </class>
    </test>
  </suite>
</testng-results>
